  MyForm.cpp
C:\Users\Janek\source\repos\losowanieHasla\losowanieHasla\MyForm.h(345,19): error C2011: 'losowanieHasla::MyForm': 'class' type redefinition
  (compiling source file 'MyForm.cpp')
      C:\Users\Janek\source\repos\losowanieHasla\losowanieHasla\MyForm.h(15,19):
      see declaration of 'losowanieHasla::MyForm'
  
C:\Users\Janek\source\repos\losowanieHasla\losowanieHasla\MyForm.cpp(5,6): warning C4829: Possibly incorrect parameters to function main. Consider 'int main(Platform::Array<Platform::String^>^ argv)'
C:\Users\Janek\source\repos\losowanieHasla\losowanieHasla\MyForm.cpp(9,25): error C2079: 'form' uses undefined class 'losowanieHasla::MyForm'
C:\Users\Janek\source\repos\losowanieHasla\losowanieHasla\MyForm.cpp(10,21): error C3071: operator '%' can only be applied to an instance of a ref class or a value-type
C:\Users\Janek\source\repos\losowanieHasla\losowanieHasla\MyForm.cpp(10,15): error C2665: 'System::Windows::Forms::Application::Run': no overloaded function could convert all the argument types
      C:\Users\Janek\source\repos\losowanieHasla\losowanieHasla\MyForm.cpp(10,25):
      could be 'void System::Windows::Forms::Application::Run(System::Windows::Forms::ApplicationContext ^)'
          C:\Users\Janek\source\repos\losowanieHasla\losowanieHasla\MyForm.cpp(10,15):
          'void System::Windows::Forms::Application::Run(System::Windows::Forms::ApplicationContext ^)': cannot convert argument 1 from 'int' to 'System::Windows::Forms::ApplicationContext ^'
              C:\Users\Janek\source\repos\losowanieHasla\losowanieHasla\MyForm.cpp(10,21):
              No user-defined-conversion operator available, or
              C:\Users\Janek\source\repos\losowanieHasla\losowanieHasla\MyForm.cpp(10,21):
              No standard conversion exists from the boxed form of the arithmetic type to the target type
      C:\Users\Janek\source\repos\losowanieHasla\losowanieHasla\MyForm.cpp(10,25):
      or       'void System::Windows::Forms::Application::Run(System::Windows::Forms::Form ^)'
          C:\Users\Janek\source\repos\losowanieHasla\losowanieHasla\MyForm.cpp(10,15):
          'void System::Windows::Forms::Application::Run(System::Windows::Forms::Form ^)': cannot convert argument 1 from 'int' to 'System::Windows::Forms::Form ^'
              C:\Users\Janek\source\repos\losowanieHasla\losowanieHasla\MyForm.cpp(10,21):
              No user-defined-conversion operator available, or
              C:\Users\Janek\source\repos\losowanieHasla\losowanieHasla\MyForm.cpp(10,21):
              No standard conversion exists from the boxed form of the arithmetic type to the target type
      C:\Users\Janek\source\repos\losowanieHasla\losowanieHasla\MyForm.cpp(10,15):
      while trying to match the argument list '(int)'
  
